<?xml version="1.0" encoding="UTF-8"?>
<testng-results ignored="0" total="2" passed="2" failed="0" skipped="0">
  <reporter-output>
  </reporter-output>
  <suite started-at="2024-06-06T16:38:51 IST" name="Default suite" finished-at="2024-06-06T16:39:55 IST" duration-ms="64261">
    <groups>
    </groups>
    <test started-at="2024-06-06T16:38:51 IST" name="Default test" finished-at="2024-06-06T16:39:55 IST" duration-ms="64261">
      <class name="WebScrapper.WebScrapper">
        <test-method is-config="true" signature="setUp()[pri:0, instance:WebScrapper.WebScrapper@73a1e9a9]" started-at="2024-06-06T16:38:51 IST" name="setUp" finished-at="2024-06-06T16:38:55 IST" duration-ms="4703" status="PASS">
          <reporter-output>
          </reporter-output>
        </test-method> <!-- setUp -->
        <test-method signature="WebscrapeTeam()[pri:0, instance:WebScrapper.WebScrapper@73a1e9a9]" started-at="2024-06-06T16:38:55 IST" name="WebscrapeTeam" finished-at="2024-06-06T16:39:22 IST" duration-ms="27092" status="PASS">
          <reporter-output>
          </reporter-output>
        </test-method> <!-- WebscrapeTeam -->
        <test-method signature="WebscraperFlim()[pri:0, instance:WebScrapper.WebScrapper@73a1e9a9]" started-at="2024-06-06T16:39:23 IST" name="WebscraperFlim" finished-at="2024-06-06T16:39:54 IST" duration-ms="31943" status="PASS">
          <reporter-output>
          </reporter-output>
        </test-method> <!-- WebscraperFlim -->
        <test-method is-config="true" signature="tearDown()[pri:0, instance:WebScrapper.WebScrapper@73a1e9a9]" started-at="2024-06-06T16:39:54 IST" name="tearDown" finished-at="2024-06-06T16:39:55 IST" duration-ms="438" status="PASS">
          <reporter-output>
          </reporter-output>
        </test-method> <!-- tearDown -->
      </class> <!-- WebScrapper.WebScrapper -->
    </test> <!-- Default test -->
  </suite> <!-- Default suite -->
</testng-results>
